D:\YOUTH-测试程序\C++知识测试\YOUTHVIDEO\DEBUG\YOUTHVIDEO.EXE
D:\YOUTH-测试程序\C++知识测试\YOUTHVIDEO\DEBUG\YOUTHVIDEO.ILK
D:\YOUTH-测试程序\C++知识测试\YOUTHVIDEO\DEBUG\YOUTHVIDEO.PDB
D:\YOUTH-测试程序\C++知识测试\YOUTHVIDEO\YOUTHVIDEO\DEBUG\CMDUTILS.OBJ
D:\YOUTH-测试程序\C++知识测试\YOUTHVIDEO\YOUTHVIDEO\DEBUG\DLGAUDIODECODE.OBJ
D:\YOUTH-测试程序\C++知识测试\YOUTHVIDEO\YOUTHVIDEO\DEBUG\DLGVIDEODECODE.OBJ
D:\YOUTH-测试程序\C++知识测试\YOUTHVIDEO\YOUTHVIDEO\DEBUG\STDAFX.OBJ
D:\YOUTH-测试程序\C++知识测试\YOUTHVIDEO\YOUTHVIDEO\DEBUG\VC100.PDB
D:\YOUTH-测试程序\C++知识测试\YOUTHVIDEO\YOUTHVIDEO\DEBUG\VE_PLAY.OBJ
D:\YOUTH-测试程序\C++知识测试\YOUTHVIDEO\YOUTHVIDEO\DEBUG\WELCOME.OBJ
D:\YOUTH-测试程序\C++知识测试\YOUTHVIDEO\YOUTHVIDEO\DEBUG\YOUTHVIDEO.EXE.EMBED.MANIFEST
D:\YOUTH-测试程序\C++知识测试\YOUTHVIDEO\YOUTHVIDEO\DEBUG\YOUTHVIDEO.EXE.EMBED.MANIFEST.RES
D:\YOUTH-测试程序\C++知识测试\YOUTHVIDEO\YOUTHVIDEO\DEBUG\YOUTHVIDEO.EXE.INTERMEDIATE.MANIFEST
D:\YOUTH-测试程序\C++知识测试\YOUTHVIDEO\YOUTHVIDEO\DEBUG\YOUTHVIDEO.OBJ
D:\YOUTH-测试程序\C++知识测试\YOUTHVIDEO\YOUTHVIDEO\DEBUG\YOUTHVIDEO.PCH
D:\YOUTH-测试程序\C++知识测试\YOUTHVIDEO\YOUTHVIDEO\DEBUG\YOUTHVIDEO.RES
D:\YOUTH-测试程序\C++知识测试\YOUTHVIDEO\YOUTHVIDEO\DEBUG\YOUTHVIDEODLG.OBJ
D:\Youth-测试程序\C++知识测试\YouthVideo1104\Debug\YouthVideo.exe
D:\Youth-测试程序\C++知识测试\YouthVideo1104\Debug\YouthVideo.ilk
D:\Youth-测试程序\C++知识测试\YouthVideo1104\Debug\YouthVideo.pdb
D:\Youth-测试程序\C++知识测试\YouthVideo1104\YouthVideo\Debug\cl.command.1.tlog
D:\Youth-测试程序\C++知识测试\YouthVideo1104\YouthVideo\Debug\CL.read.1.tlog
D:\Youth-测试程序\C++知识测试\YouthVideo1104\YouthVideo\Debug\CL.write.1.tlog
D:\Youth-测试程序\C++知识测试\YouthVideo1104\YouthVideo\Debug\cmdutils.obj
D:\Youth-测试程序\C++知识测试\YouthVideo1104\YouthVideo\Debug\DlgAudioDecode.obj
D:\Youth-测试程序\C++知识测试\YouthVideo1104\YouthVideo\Debug\DlgVideoDecode.obj
D:\Youth-测试程序\C++知识测试\YouthVideo1104\YouthVideo\Debug\link.10580.read.1.tlog
D:\Youth-测试程序\C++知识测试\YouthVideo1104\YouthVideo\Debug\link.10580.write.1.tlog
D:\Youth-测试程序\C++知识测试\YouthVideo1104\YouthVideo\Debug\link.10580-cvtres.read.1.tlog
D:\Youth-测试程序\C++知识测试\YouthVideo1104\YouthVideo\Debug\link.10580-cvtres.write.1.tlog
D:\Youth-测试程序\C++知识测试\YouthVideo1104\YouthVideo\Debug\link.12768.read.1.tlog
D:\Youth-测试程序\C++知识测试\YouthVideo1104\YouthVideo\Debug\link.12768.write.1.tlog
D:\Youth-测试程序\C++知识测试\YouthVideo1104\YouthVideo\Debug\link.12768-cvtres.read.1.tlog
D:\Youth-测试程序\C++知识测试\YouthVideo1104\YouthVideo\Debug\link.12768-cvtres.write.1.tlog
D:\Youth-测试程序\C++知识测试\YouthVideo1104\YouthVideo\Debug\link.2220.read.1.tlog
D:\Youth-测试程序\C++知识测试\YouthVideo1104\YouthVideo\Debug\link.2220.write.1.tlog
D:\Youth-测试程序\C++知识测试\YouthVideo1104\YouthVideo\Debug\link.2220-cvtres.read.1.tlog
D:\Youth-测试程序\C++知识测试\YouthVideo1104\YouthVideo\Debug\link.2220-cvtres.write.1.tlog
D:\Youth-测试程序\C++知识测试\YouthVideo1104\YouthVideo\Debug\link.3292.read.1.tlog
D:\Youth-测试程序\C++知识测试\YouthVideo1104\YouthVideo\Debug\link.3292.write.1.tlog
D:\Youth-测试程序\C++知识测试\YouthVideo1104\YouthVideo\Debug\link.3292-cvtres.read.1.tlog
D:\Youth-测试程序\C++知识测试\YouthVideo1104\YouthVideo\Debug\link.3292-cvtres.write.1.tlog
D:\Youth-测试程序\C++知识测试\YouthVideo1104\YouthVideo\Debug\link.9900.read.1.tlog
D:\Youth-测试程序\C++知识测试\YouthVideo1104\YouthVideo\Debug\link.9900.write.1.tlog
D:\Youth-测试程序\C++知识测试\YouthVideo1104\YouthVideo\Debug\link.9900-cvtres.read.1.tlog
D:\Youth-测试程序\C++知识测试\YouthVideo1104\YouthVideo\Debug\link.9900-cvtres.write.1.tlog
D:\Youth-测试程序\C++知识测试\YouthVideo1104\YouthVideo\Debug\link.command.1.tlog
D:\Youth-测试程序\C++知识测试\YouthVideo1104\YouthVideo\Debug\link.read.1.tlog
D:\Youth-测试程序\C++知识测试\YouthVideo1104\YouthVideo\Debug\link.write.1.tlog
D:\Youth-测试程序\C++知识测试\YouthVideo1104\YouthVideo\Debug\link-cvtres.read.1.tlog
D:\Youth-测试程序\C++知识测试\YouthVideo1104\YouthVideo\Debug\link-cvtres.write.1.tlog
D:\Youth-测试程序\C++知识测试\YouthVideo1104\YouthVideo\Debug\mt.command.1.tlog
D:\Youth-测试程序\C++知识测试\YouthVideo1104\YouthVideo\Debug\mt.read.1.tlog
D:\Youth-测试程序\C++知识测试\YouthVideo1104\YouthVideo\Debug\mt.write.1.tlog
D:\Youth-测试程序\C++知识测试\YouthVideo1104\YouthVideo\Debug\rc.command.1.tlog
D:\Youth-测试程序\C++知识测试\YouthVideo1104\YouthVideo\Debug\rc.read.1.tlog
D:\Youth-测试程序\C++知识测试\YouthVideo1104\YouthVideo\Debug\rc.write.1.tlog
D:\Youth-测试程序\C++知识测试\YouthVideo1104\YouthVideo\Debug\stdafx.obj
D:\Youth-测试程序\C++知识测试\YouthVideo1104\YouthVideo\Debug\vc100.idb
D:\Youth-测试程序\C++知识测试\YouthVideo1104\YouthVideo\Debug\vc100.pdb
D:\Youth-测试程序\C++知识测试\YouthVideo1104\YouthVideo\Debug\ve_play.obj
D:\Youth-测试程序\C++知识测试\YouthVideo1104\YouthVideo\Debug\Welcome.obj
D:\Youth-测试程序\C++知识测试\YouthVideo1104\YouthVideo\Debug\YouthVideo.exe.embed.manifest
D:\Youth-测试程序\C++知识测试\YouthVideo1104\YouthVideo\Debug\YouthVideo.exe.embed.manifest.res
D:\Youth-测试程序\C++知识测试\YouthVideo1104\YouthVideo\Debug\YouthVideo.exe.intermediate.manifest
D:\Youth-测试程序\C++知识测试\YouthVideo1104\YouthVideo\Debug\YouthVideo.obj
D:\Youth-测试程序\C++知识测试\YouthVideo1104\YouthVideo\Debug\YouthVideo.pch
D:\Youth-测试程序\C++知识测试\YouthVideo1104\YouthVideo\Debug\YouthVideo.res
D:\Youth-测试程序\C++知识测试\YouthVideo1104\YouthVideo\Debug\YouthVideo.vcxprojResolveAssemblyReference.cache
D:\Youth-测试程序\C++知识测试\YouthVideo1104\YouthVideo\Debug\YouthVideo.write.1.tlog
D:\Youth-测试程序\C++知识测试\YouthVideo1104\YouthVideo\Debug\YouthVideo_manifest.rc
D:\Youth-测试程序\C++知识测试\YouthVideo1104\YouthVideo\Debug\YouthVideoDlg.obj
