Build started 2020/12/21 19:54:39.
     1>Project "E:\工具软件合集\YouthVideo1104\YouthVideo1104\YouthVideo\YouthVideo.vcxproj" on node 2 (build target(s)).
     1>InitializeBuildStatus:
         Creating "Debug\YouthVideo.unsuccessfulbuild" because "AlwaysCreate" was specified.
       ClCompile:
         C:\Program Files (x86)\Microsoft Visual Studio 10.0\VC\bin\CL.exe /c /I.\include /ZI /nologo /W3 /WX- /Od /Oy- /D WIN32 /D _WINDOWS /D _DEBUG /D _UNICODE /D UNICODE /Gm /EHsc /RTC1 /MTd /GS /fp:precise /Zc:wchar_t /Zc:forScope /Yc"StdAfx.h" /Fp"Debug\YouthVideo.pch" /Fo"Debug\\" /Fd"Debug\vc100.pdb" /Gd /TP /analyze- /errorReport:prompt stdafx.cpp
         stdafx.cpp
         C:\Program Files (x86)\Microsoft Visual Studio 10.0\VC\bin\CL.exe /c /I.\include /ZI /nologo /W3 /WX- /Od /Oy- /D WIN32 /D _WINDOWS /D _DEBUG /D _UNICODE /D UNICODE /Gm /EHsc /RTC1 /MTd /GS /fp:precise /Zc:wchar_t /Zc:forScope /Yu"StdAfx.h" /Fp"Debug\YouthVideo.pch" /Fo"Debug\\" /Fd"Debug\vc100.pdb" /Gd /TP /analyze- /errorReport:prompt DlgAudioDecode.cpp DlgVideoDecode.cpp Welcome.cpp YouthVideo.cpp YouthVideoDlg.cpp cmdutils.cpp ve_play.cpp
         Skipping... (no relevant changes detected)
         ve_play.cpp
         cmdutils.cpp
         YouthVideoDlg.cpp
         YouthVideo.cpp
         Welcome.cpp
         DlgVideoDecode.cpp
         DlgAudioDecode.cpp
       ResourceCompile:
         All outputs are up-to-date.
       ManifestResourceCompile:
         All outputs are up-to-date.
       Link:
         C:\Program Files (x86)\Microsoft Visual Studio 10.0\VC\bin\link.exe /ERRORREPORT:PROMPT /OUT:"E:\工具软件合集\YouthVideo1104\YouthVideo1104\Debug\YouthVideo.exe" /INCREMENTAL /NOLOGO /LIBPATH:.\lib avcodec.lib avformat.lib avutil.lib avdevice.lib avfilter.lib postproc.lib swresample.lib swscale.lib SDL.lib tinyxml.lib Winmm.lib Ws2_32.lib opencv_core231.lib opencv_highgui231.lib opencv_imgproc231.lib opencv_objdetect231.lib /MANIFEST /ManifestFile:"Debug\YouthVideo.exe.intermediate.manifest" /MANIFESTUAC:"level='asInvoker' uiAccess='false'" /DEBUG /PDB:"E:\工具软件合集\YouthVideo1104\YouthVideo1104\Debug\YouthVideo.pdb" /SUBSYSTEM:WINDOWS /TLBID:1 /ENTRY:"wWinMainCRTStartup" /DYNAMICBASE /NXCOMPAT /IMPLIB:"E:\工具软件合集\YouthVideo1104\YouthVideo1104\Debug\YouthVideo.lib" /MACHINE:X86 Debug\YouthVideo.res
         Debug\YouthVideo.exe.embed.manifest.res
         Debug\cmdutils.obj
         Debug\DlgAudioDecode.obj
         Debug\DlgVideoDecode.obj
         Debug\stdafx.obj
         Debug\ve_play.obj
         Debug\Welcome.obj
         Debug\YouthVideo.obj
         Debug\YouthVideoDlg.obj
       Manifest:
         C:\Program Files (x86)\Microsoft SDKs\Windows\v7.0A\bin\mt.exe /nologo /verbose /out:"Debug\YouthVideo.exe.embed.manifest" /manifest Debug\YouthVideo.exe.intermediate.manifest "C:\Program Files (x86)\Microsoft Visual Studio 10.0\VC\Include\Manifest\dpiaware.manifest"
         All outputs are up-to-date.
       LinkEmbedManifest:
         All outputs are up-to-date.
         YouthVideo.vcxproj -> E:\工具软件合集\YouthVideo1104\YouthVideo1104\Debug\YouthVideo.exe
       FinalizeBuildStatus:
         Deleting file "Debug\YouthVideo.unsuccessfulbuild".
         Touching "Debug\YouthVideo.lastbuildstate".
     1>Done Building Project "E:\工具软件合集\YouthVideo1104\YouthVideo1104\YouthVideo\YouthVideo.vcxproj" (build target(s)).

Build succeeded.

Time Elapsed 00:00:03.38
